1509.987305 3331.445313
2773.662109 4468.759766
2250.354492 3724.023438
2461.650391 4480.419922
2209.244141 3282.519531
2119.453125 3155.605469
1926.310547 2778.857422
1546.105469 2065.332031
765.0273438 1652.841797
410.2412109 712.3916016
1730.484375 3005.068359
1662.646484 4004.658203
1852.739258 3839.707031
1865.354492 2643.000977
1877.735352 3128.152344
2280.605469 3564.277344
2137.939453 3179.375
1098.295898 1864.755859
904.9980469 1491.212891
446.2988281 847.9189453
1475.938477 4411.503906
1374.024414 3798.837891
1615.063477 3950.517578
1901.297852 3919.423828
2064.599609 2821.699219
2022.348633 3174.541016
1745.665039 3407.988281
1352.987305 3258.691406
1153.18457 1332.06543
612.8427734 742.375
1541.213867 2876.796875
1746.871094 3510.732422
1545.077148 2746.757813
1818.039063 2702.738281
1651.415039 3435.214844
1769.791016 3186.650391
1893.036133 2546.103516
1041.137695 2114.94043
637.2753906 1157.458008
817.6445313 1418.972656
1586.84668 2426.47168
1640.71582 3436.09375
1804.37793 3751.445313
1778.810547 4121.855469
2024.576172 2996.149414
1902.651367 3418.896484
1589.496094 2263.026367
1318.947266 1759.571289
667.0634766 1285.019531
344.0810547 772.9179688
1727.959961 2905.351563
1860.202148 2797.646484
1910.595703 3889.589844
1733.056641 3123.105469
1832.664063 2996.011719
1633.170898 2990.791016
1783.360352 3450.419922
1545.616211 2788.427734
692.0351563 2828.173828
364.3046875 950.6806641
1276.398438 2814.306641
1420.548828 3227.001953
1892.086914 3912.871094
1641.238281 3460.644531
1632.703125 3239.873047
1628.443359 3282.109375
1609.84375 2744.168945
1272.188477 2416.014648
834.0205078 1913.128906
988.1816406 1933.779297
1586.007813 2503.025391
1825.394531 3152.714844
1796.947266 3421.367188
1981.591797 3864.560547
1486.62793 4134.521484
1749.149414 5245.585938
1486.191406 3746.318359
1292.982422 3504.091797
1122.708008 2375.117188
1254.552734 2139.595703
2383.463867 2831.152344
2600.166016 2538.893555
2162.897461 2492.837891
1994.6875 4057.089844
2114.296875 3557.314453
2080.5625 3894.199219
1921.995117 3028.74707
1208.598633 2342.412109
688.5302734 1539.766602
209.4658203 353.1015625
273.328125 1311.652344
289.8818359 1398.24707
261.40625 284.0615234
338.5263672 431.2646484
299.8731445 281.3134766
302.3172852 283.9931641
291.5316406 264.7617188
194.7173828 172.2670898
147.0621094 203.5722656
1540.18457 3114.306641
1681.594727 3520.205078
1719.802734 4150.048828
1964.0625 3384.716797
2154.358398 4929.199219
1756.255859 3672.695313
1330.342773 3052.998047
1432.239258 2906.552734
1053.678711 1852.881836
606.6191406 830.0820313
1429.102539 2834.560547
1491.454102 2834.599609
1574.628906 3662.128906
1770.902344 4345.878906
2135.927734 4290.205078
2345.380859 5001.757813
2375.036133 3223.271484
1801.416992 2880.146484
1309.521484 2153.692383
799.7802734 1006.333008
1559.904297 2324.861328
1875.566406 3129.833984
1572.280273 3822.441406
1661.003906 3074.160156
1592.44043 3285.292969
2008.209961 4355.927734
1687.290039 3330.507813
1147.067383 2752.949219
918.4121094 1625.963867
564.9345703 937.6933594
1447.222656 2953.710938
1531.282227 2682.958984
1695.426758 3063.974609
1987.727539 3478.154297
1712.519531 3007.324219
2452.490234 4517.294922
1637.303711 3486.806641
987.1787109 3350.234375
643.0341797 1749.043945
305.4638672 549.4091797
1853.604492 4209.892578
2004.6875 4790.712891
2079.248047 3801.708984
1900.226563 3682.421875
1718.001953 2809.902344
1928.264648 3749.345703
2033.154297 3542.207031
913.3691406 1988.871094
756.5634766 1612.134766
493.2695313 1052.728516
1364.101563 2433.768555
1415.541016 2577.354492
1744.260742 3431.425781
1883.179688 4465.78125
1887.290039 3509.658203
2138.75 3373.291016
2267.301758 3080.869141
1820.171875 3741.865234
1148.517578 1970.098633
1383.554688 1301.268555
1794.960938 2645.576172
1701.464844 4657.597656
2069.546875 5372.011719
2029.21875 3763.916016
1953.363281 4201.083984
1949.520508 3453.28125
1630.556641 3098.857422
1113.150391 2572.772461
745.3417969 2404.271484
402.0595703 948.5185547
1593.633789 2710.839844
1470.589844 3299.84375
2052.266602 4402.597656
1777.300781 3866.064453
2012.786133 3677.929688
2084.93457 4227.558594
2230.751953 3354.423828
1266.113281 2566.230469
816.7666016 1780.856445
600.3935547 1970.5
1713.734375 3265.898438
1607.564453 3520.136719
1750.481445 3311.474609
1713.436523 2797.167969
1632.024414 2727.871094
1937.991211 3278.320313
1762.286133 2491.826172
1235.630859 2004.891602
582.6982422 1494.314453
415.5966797 690.5683594
1581.020508 3938.837891
1799.21875 4259.902344
1835.977539 5085.488281
1706.22168 3325.996094
1606.615234 2784.091797
1651.591797 3179.931641
1524.767578 3088.339844
1035.696289 2033.710938
654.2001953 1316.331055
453.9433594 682.9521484
